2021-10-22 18:47:08 [-][-][-][error][yii\db\Exception] PDOException: SQLSTATE[HY000] [1049] Unknown database 'dbsiseditor' in C:\wamp64\www\dsv\privado\siseditor\vendor\yiisoft\yii2\db\Connection.php:723
Stack trace:
#0 C:\wamp64\www\dsv\privado\siseditor\vendor\yiisoft\yii2\db\Connection.php(723): PDO->__construct('mysql:host=loca...', 'root', '', NULL)
#1 C:\wamp64\www\dsv\privado\siseditor\vendor\yiisoft\yii2\db\Connection.php(638): yii\db\Connection->createPdoInstance()
#2 C:\wamp64\www\dsv\privado\siseditor\vendor\yiisoft\yii2\db\Connection.php(1063): yii\db\Connection->open()
#3 C:\wamp64\www\dsv\privado\siseditor\vendor\yiisoft\yii2\db\Connection.php(1050): yii\db\Connection->getMasterPdo()
#4 C:\wamp64\www\dsv\privado\siseditor\vendor\yiisoft\yii2\db\Command.php(261): yii\db\Connection->getSlavePdo()
#5 C:\wamp64\www\dsv\privado\siseditor\vendor\yiisoft\yii2\db\Command.php(1163): yii\db\Command->prepare(true)
#6 C:\wamp64\www\dsv\privado\siseditor\vendor\yiisoft\yii2\db\Command.php(410): yii\db\Command->queryInternal('fetchAll', NULL)
#7 C:\wamp64\www\dsv\privado\siseditor\vendor\yiisoft\yii2\db\mysql\Schema.php(319): yii\db\Command->queryAll()
#8 C:\wamp64\www\dsv\privado\siseditor\vendor\yiisoft\yii2\db\mysql\Schema.php(125): yii\db\mysql\Schema->findColumns(Object(yii\db\TableSchema))
#9 C:\wamp64\www\dsv\privado\siseditor\vendor\yiisoft\yii2\db\Schema.php(758): yii\db\mysql\Schema->loadTableSchema('tb_migration')
#10 C:\wamp64\www\dsv\privado\siseditor\vendor\yiisoft\yii2\db\Schema.php(194): yii\db\Schema->getTableMetadata('{{%migration}}', 'schema', true)
#11 C:\wamp64\www\dsv\privado\siseditor\vendor\yiisoft\yii2\console\controllers\MigrateController.php(369): yii\db\Schema->getTableSchema('{{%migration}}', true)
#12 C:\wamp64\www\dsv\privado\siseditor\vendor\yiisoft\yii2\console\controllers\BaseMigrateController.php(657): yii\console\controllers\MigrateController->getMigrationNameLimit()
#13 [internal function]: yii\console\controllers\BaseMigrateController->actionCreate('create_tb_edito...')
#14 C:\wamp64\www\dsv\privado\siseditor\vendor\yiisoft\yii2\base\InlineAction.php(57): call_user_func_array(Array, Array)
#15 C:\wamp64\www\dsv\privado\siseditor\vendor\yiisoft\yii2\base\Controller.php(181): yii\base\InlineAction->runWithParams(Array)
#16 C:\wamp64\www\dsv\privado\siseditor\vendor\yiisoft\yii2\console\Controller.php(184): yii\base\Controller->runAction('create', Array)
#17 C:\wamp64\www\dsv\privado\siseditor\vendor\yiisoft\yii2\base\Module.php(534): yii\console\Controller->runAction('create', Array)
#18 C:\wamp64\www\dsv\privado\siseditor\vendor\yiisoft\yii2\console\Application.php(181): yii\base\Module->runAction('migrate/create', Array)
#19 C:\wamp64\www\dsv\privado\siseditor\vendor\yiisoft\yii2\console\Application.php(148): yii\console\Application->runAction('migrate/create', Array)
#20 C:\wamp64\www\dsv\privado\siseditor\vendor\yiisoft\yii2\base\Application.php(392): yii\console\Application->handleRequest(Object(yii\console\Request))
#21 C:\wamp64\www\dsv\privado\siseditor\yii(20): yii\base\Application->run()
#22 {main}

Next yii\db\Exception: SQLSTATE[HY000] [1049] Unknown database 'dbsiseditor' in C:\wamp64\www\dsv\privado\siseditor\vendor\yiisoft\yii2\db\Connection.php:649
Stack trace:
#0 C:\wamp64\www\dsv\privado\siseditor\vendor\yiisoft\yii2\db\Connection.php(1063): yii\db\Connection->open()
#1 C:\wamp64\www\dsv\privado\siseditor\vendor\yiisoft\yii2\db\Connection.php(1050): yii\db\Connection->getMasterPdo()
#2 C:\wamp64\www\dsv\privado\siseditor\vendor\yiisoft\yii2\db\Command.php(261): yii\db\Connection->getSlavePdo()
#3 C:\wamp64\www\dsv\privado\siseditor\vendor\yiisoft\yii2\db\Command.php(1163): yii\db\Command->prepare(true)
#4 C:\wamp64\www\dsv\privado\siseditor\vendor\yiisoft\yii2\db\Command.php(410): yii\db\Command->queryInternal('fetchAll', NULL)
#5 C:\wamp64\www\dsv\privado\siseditor\vendor\yiisoft\yii2\db\mysql\Schema.php(319): yii\db\Command->queryAll()
#6 C:\wamp64\www\dsv\privado\siseditor\vendor\yiisoft\yii2\db\mysql\Schema.php(125): yii\db\mysql\Schema->findColumns(Object(yii\db\TableSchema))
#7 C:\wamp64\www\dsv\privado\siseditor\vendor\yiisoft\yii2\db\Schema.php(758): yii\db\mysql\Schema->loadTableSchema('tb_migration')
#8 C:\wamp64\www\dsv\privado\siseditor\vendor\yiisoft\yii2\db\Schema.php(194): yii\db\Schema->getTableMetadata('{{%migration}}', 'schema', true)
#9 C:\wamp64\www\dsv\privado\siseditor\vendor\yiisoft\yii2\console\controllers\MigrateController.php(369): yii\db\Schema->getTableSchema('{{%migration}}', true)
#10 C:\wamp64\www\dsv\privado\siseditor\vendor\yiisoft\yii2\console\controllers\BaseMigrateController.php(657): yii\console\controllers\MigrateController->getMigrationNameLimit()
#11 [internal function]: yii\console\controllers\BaseMigrateController->actionCreate('create_tb_edito...')
#12 C:\wamp64\www\dsv\privado\siseditor\vendor\yiisoft\yii2\base\InlineAction.php(57): call_user_func_array(Array, Array)
#13 C:\wamp64\www\dsv\privado\siseditor\vendor\yiisoft\yii2\base\Controller.php(181): yii\base\InlineAction->runWithParams(Array)
#14 C:\wamp64\www\dsv\privado\siseditor\vendor\yiisoft\yii2\console\Controller.php(184): yii\base\Controller->runAction('create', Array)
#15 C:\wamp64\www\dsv\privado\siseditor\vendor\yiisoft\yii2\base\Module.php(534): yii\console\Controller->runAction('create', Array)
#16 C:\wamp64\www\dsv\privado\siseditor\vendor\yiisoft\yii2\console\Application.php(181): yii\base\Module->runAction('migrate/create', Array)
#17 C:\wamp64\www\dsv\privado\siseditor\vendor\yiisoft\yii2\console\Application.php(148): yii\console\Application->runAction('migrate/create', Array)
#18 C:\wamp64\www\dsv\privado\siseditor\vendor\yiisoft\yii2\base\Application.php(392): yii\console\Application->handleRequest(Object(yii\console\Request))
#19 C:\wamp64\www\dsv\privado\siseditor\yii(20): yii\base\Application->run()
#20 {main}
Additional Information:

2021-10-22 18:47:08 [-][-][-][info][application] $_GET = []

$_POST = []

$_FILES = []

$_COOKIE = []

$_SERVER = [
    'ALLUSERSPROFILE' => 'C:\\ProgramData'
    'APPDATA' => 'C:\\Users\\sandro.fonseca\\AppData\\Roaming'
    'CommonProgramFiles' => 'C:\\Program Files\\Common Files'
    'CommonProgramFiles(x86)' => 'C:\\Program Files (x86)\\Common Files'
    'CommonProgramW6432' => 'C:\\Program Files\\Common Files'
    'COMPUTERNAME' => 'GSP-CXDTFV2'
    'ComSpec' => 'C:\\WINDOWS\\system32\\cmd.exe'
    'DriverData' => 'C:\\Windows\\System32\\Drivers\\DriverData'
    'HOMEDRIVE' => 'C:'
    'HOMEPATH' => '\\Users\\sandro.fonseca'
    'LOCALAPPDATA' => 'C:\\Users\\sandro.fonseca\\AppData\\Local'
    'LOGONSERVER' => '\\\\TAMOIOS'
    'NUMBER_OF_PROCESSORS' => '12'
    'OneDrive' => 'C:\\Users\\sandro.fonseca\\OneDrive'
    'OneDriveConsumer' => 'C:\\Users\\sandro.fonseca\\OneDrive'
    'OS' => 'Windows_NT'
    'Path' => 'C:\\oraclexe\\app\\oracle\\product\\10.2.0\\server\\bin;C:\\WINDOWS\\system32;C:\\WINDOWS;C:\\WINDOWS\\System32\\Wbem;C:\\WINDOWS\\System32\\WindowsPowerShell\\v1.0\\;C:\\WINDOWS\\System32\\OpenSSH\\;C:\\Program Files\\TortoiseSVN\\bin;C:\\wamp64\\bin\\apache\\apache2.4.47\\bin;C:\\wamp64\\bin\\apache\\apache2.4.47;C:\\wamp64\\bin\\apache\\apache2.4.46\\bin;C:\\wamp64\\bin\\apache\\apache2.4.46;C:\\wamp64\\bin\\apache\\apache2.4.41;C:\\wamp64\\bin\\mariadb\\mariadb10.4.10;C:\\wamp64\\bin\\mysql\\mysql8.0.18;C:\\wamp64\\bin\\php\\php7.0.33;C:\\wamp64\\bin\\php\\php7.1.29;C:\\wamp64\\bin\\php\\php7.2.18;C:\\wamp64\\bin\\php\\php7.3.5;C:\\wamp64\\bin\\php\\php7.3.12;C:\\wamp64\\bin\\php\\php7.4.0;C:\\wamp64\\bin\\php\\php7.4.9;C:\\wamp64\\bin\\php\\php7.4.19;C:\\wamp64\\bin\\php\\php8.0.3;C:\\wamp64\\bin\\php\\php8.0.8;C:\\wamp64\\bin\\php\\php8.0.10;C:\\wamp64\\bin\\php\\php8.0.11;C:\\wamp64\\www\\dsv\\yii\\framework;C:\\wamp64\\www\\dsv\\svn\\yii\\framework;C:\\wamp64\\www\\dsv\\yii16\\framework;C:\\instantclient_19_3;C:\\Program Files\\Intel\\WiFi\\bin\\;C:\\Program Files\\Common Files\\Intel\\WirelessCommon\\;C:\\composer;C:\\Program Files\\TortoiseGit\\bin;C:\\Program Files\\Git\\cmd;C:\\Users\\sandro.fonseca\\AppData\\Local\\Microsoft\\WindowsApps;C:\\Users\\sandro.fonseca\\AppData\\Local\\Programs\\Microsoft VS Code\\bin;C:\\Users\\sandro.fonseca\\AppData\\Local\\GitHubDesktop\\bin;C:\\Users\\sandro.fonseca\\AppData\\Local\\Microsoft\\WindowsApps;C:\\Users\\sandro.fonseca\\AppData\\Roaming\\Composer\\vendor\\bin'
    'PATHEXT' => '.COM;.EXE;.BAT;.CMD;.VBS;.VBE;.JS;.JSE;.WSF;.WSH;.MSC'
    'PHP_COMMAND' => 'php.exe'
    'PROCESSOR_ARCHITECTURE' => 'AMD64'
    'PROCESSOR_IDENTIFIER' => 'Intel64 Family 6 Model 158 Stepping 10, GenuineIntel'
    'PROCESSOR_LEVEL' => '6'
    'PROCESSOR_REVISION' => '9e0a'
    'ProgramData' => 'C:\\ProgramData'
    'ProgramFiles' => 'C:\\Program Files'
    'ProgramFiles(x86)' => 'C:\\Program Files (x86)'
    'ProgramW6432' => 'C:\\Program Files'
    'PROMPT' => '$P$G'
    'PSModulePath' => 'C:\\Program Files\\WindowsPowerShell\\Modules;C:\\WINDOWS\\system32\\WindowsPowerShell\\v1.0\\Modules'
    'PUBLIC' => 'C:\\Users\\Public'
    'SESSIONNAME' => 'Console'
    'SystemDrive' => 'C:'
    'SystemRoot' => 'C:\\WINDOWS'
    'TEMP' => 'C:\\Users\\sandro.fonseca\\AppData\\Local\\Temp'
    'TMP' => 'C:\\Users\\sandro.fonseca\\AppData\\Local\\Temp'
    'USERDNSDOMAIN' => 'SEMED.AM.GOV.BR'
    'USERDOMAIN' => 'SEMED'
    'USERDOMAIN_ROAMINGPROFILE' => 'SEMED'
    'USERNAME' => 'sandro'
    'USERPROFILE' => 'C:\\Users\\sandro.fonseca'
    'windir' => 'C:\\WINDOWS'
    'YII_PATH' => 'C:\\wamp64\\www\\dsv\\privado\\siseditor\\'
    'ZES_ENABLE_SYSMAN' => '1'
    'PHP_SELF' => 'C:\\wamp64\\www\\dsv\\privado\\siseditor\\yii'
    'SCRIPT_NAME' => 'C:\\wamp64\\www\\dsv\\privado\\siseditor\\yii'
    'SCRIPT_FILENAME' => 'C:\\wamp64\\www\\dsv\\privado\\siseditor\\yii'
    'PATH_TRANSLATED' => 'C:\\wamp64\\www\\dsv\\privado\\siseditor\\yii'
    'DOCUMENT_ROOT' => ''
    'REQUEST_TIME_FLOAT' => 1634928428.5978
    'REQUEST_TIME' => 1634928428
    'argv' => [
        0 => 'C:\\wamp64\\www\\dsv\\privado\\siseditor\\yii'
        1 => 'migrate/create'
        2 => 'create_tb_editor'
    ]
    'argc' => 3
]
